{"id":1763383812048,"name":"Rodney","email":"rodneymike69@gmail.com","message":"Good day","date":"2025-11-17T12:50:12.048Z"}
{"id":1763383884116,"name":"Rodney","email":"rodneymike69@gmail.com","message":"Hello","date":"2025-11-17T12:51:24.116Z"}
{"id":1763408083040,"name":"hello","email":"rodneymike69@gmail.com","message":"nice to meet you rodney","date":"2025-11-17T19:34:43.040Z"}
{"id":1763408087615,"name":"hello","email":"rodneymike69@gmail.com","message":"nice to meet you rodney","date":"2025-11-17T19:34:47.615Z"}
{"id":1763410869851,"name":"Yendor","email":"rodneymike69@gmail.com","message":"Goodnight","date":"2025-11-17T20:21:09.851Z"}
{"id":1763467742661,"name":"Yendwor","email":"rodneymike69@gmail.com","message":"Nice to meet you mikrodtech","date":"2025-11-18T12:09:02.661Z"}
{"id":1763467825587,"name":"Yendwor","email":"rodneymike69@gmail.com","message":"Nice to meet you mikrodtech","date":"2025-11-18T12:10:25.587Z"}
{"id":1763469750828,"name":"Rodney","email":"yendor@gmail.com","message":"Consistence is key. Time will tell what consistency did","date":"2025-11-18T12:42:30.828Z"}
{"id":1763469762194,"name":"Yendwor","email":"rodneymike69@gmail.com","message":"Nice to meet you mikrodtech","date":"2025-11-18T12:42:42.194Z"}
{"id":1763469936791,"name":"hello","email":"rodneymike69@gmail.com","message":"Have a great day","date":"2025-11-18T12:45:36.791Z"}
{"id":1763470425888,"name":"hello","email":"yendor@gmail.com","message":"Good evening","date":"2025-11-18T12:53:45.888Z"}
{"id":1763471183945,"name":"Hello","email":"rodneymike69@gmail.com","message":"Goodbye catch up later","date":"2025-11-18T13:06:23.945Z"}
{"id":1763568496484,"name":"hello","email":"rodneymike69@gmail.com","message":"buy more","date":"2025-11-19T16:08:16.484Z"}
{"id":1763568606216,"name":"hello","email":"rodneymike69@gmail.com","message":"hi there\r\n","date":"2025-11-19T16:10:06.216Z"}
{"id":1763568807999,"name":"hey","email":"rodneymike69@gmail.com","message":"good night","date":"2025-11-19T16:13:27.999Z"}
{"id":1763571370531,"name":"yendor","email":"rodneymike69@gmail.com","message":"Goodnight","date":"2025-11-19T16:56:10.532Z"}
{"id":1763572666076,"name":"Hello","email":"rodneymike69@gmail.com","message":"Tell me more ","date":"2025-11-19T17:17:46.076Z"}
{"id":1763573606854,"name":"Hello","email":"rodneymike69@gmail.com","message":"hello my friend","date":"2025-11-19T17:33:26.854Z"}
{"id":1763578127918,"name":"hellor","email":"rodneymike69@gmail.com","message":"gggg","date":"2025-11-19T18:48:47.918Z"}
{"id":1763578798731,"name":"he","email":"rodneymike69@gmail.com","message":"rrr","date":"2025-11-19T18:59:58.731Z"}
{"id":1763579249202,"name":"nod","email":"rodneymike69@gmail.com","message":"tell","date":"2025-11-19T19:07:29.202Z"}
{"id":1763579879556,"name":"hello","email":"rodneymike69@gmail.com","message":"shjhfjhjs","date":"2025-11-19T19:17:59.556Z"}
{"id":1763580004797,"name":"s","email":"rodneymike69@gmail.com","message":"d","date":"2025-11-19T19:20:04.797Z"}
